{"name": "test_menu_lateral", "status": "broken", "statusDetails": {"message": "selenium.common.exceptions.TimeoutException: Message:", "trace": "@allure.description(\"Test menu lateral\")\n    def test_menu_lateral():\n    \n        options = Options()          #убираем знаки в терминале\n        options.add_experimental_option(\"excludeSwitches\", ['enadle-logging'])\n        driver = webdriver.Chrome(executable_path ='D:\\\\Python\\\\resource\\\\chromedriver.exe', chrome_options = options)\n    \n        print(\"Start Test 6\")\n    \n        ml = Menu_lateral(driver)\n>       ml.test_lateral()\n\ntests\\test_menu_lateral.py:16: \n_ _ _ _ _ _ _ _ _ _ _ _ _ _ _ _ _ _ _ _ _ _ _ _ _ _ _ _ _ _ _ _ _ _ _ _ _ _ _ _ _ _ _ _ _ _ _ _ _ _ _ _ _ _ _ _ _ _ _ _ _ _ _ _ _ _ _ _ _ _ _ _ _ _ _ _ _ _ _ _ _ _ _ _ _ _ _ _ _ _ _ _ _ _ _ _ _ _ _ _ _ _ _ _ _ _ _ _ _ _ _ _ _ \npages\\menu_lateral.py:97: in test_lateral\n    self.click_jordan_menu_retro4()\npages\\menu_lateral.py:70: in click_jordan_menu_retro4\n    self.get_jordan_menu_retro4().click()\npages\\menu_lateral.py:43: in get_jordan_menu_retro4\n    return WebDriverWait(self.driver, 30).until(EC.element_to_be_clickable((By.XPATH, self.jordan_menu_retro4)))\n_ _ _ _ _ _ _ _ _ _ _ _ _ _ _ _ _ _ _ _ _ _ _ _ _ _ _ _ _ _ _ _ _ _ _ _ _ _ _ _ _ _ _ _ _ _ _ _ _ _ _ _ _ _ _ _ _ _ _ _ _ _ _ _ _ _ _ _ _ _ _ _ _ _ _ _ _ _ _ _ _ _ _ _ _ _ _ _ _ _ _ _ _ _ _ _ _ _ _ _ _ _ _ _ _ _ _ _ _ _ _ _ _ \n\nself = <selenium.webdriver.support.wait.WebDriverWait (session=\"6c78710a7892be64bafb17a1128060b0\")>, method = <function element_to_be_clickable.<locals>._predicate at 0x0000024EDFA08310>, message = ''\n\n    def until(self, method, message=''):\n        \"\"\"Calls the method provided with the driver as an argument until the \\\n        return value does not evaluate to ``False``.\n    \n        :param method: callable(WebDriver)\n        :param message: optional message for :exc:`TimeoutException`\n        :returns: the result of the last call to `method`\n        :raises: :exc:`selenium.common.exceptions.TimeoutException` if timeout occurs\n        \"\"\"\n        screen = None\n        stacktrace = None\n    \n        end_time = time.time() + self._timeout\n        while True:\n            try:\n                value = method(self._driver)\n                if value:\n                    return value\n            except InvalidSelectorException as e:\n                raise e\n            except self._ignored_exceptions as exc:\n                screen = getattr(exc, 'screen', None)\n                stacktrace = getattr(exc, 'stacktrace', None)\n            time.sleep(self._poll)\n            if time.time() > end_time:\n                break\n>       raise TimeoutException(message, screen, stacktrace)\nE       selenium.common.exceptions.TimeoutException: Message:\n\nC:\\Users\\X\\AppData\\Local\\Programs\\Python\\Python310\\lib\\site-packages\\selenium\\webdriver\\support\\wait.py:89: TimeoutException"}, "description": "Test menu lateral", "steps": [{"name": "Test lateral", "status": "broken", "statusDetails": {"message": "selenium.common.exceptions.TimeoutException: Message: \n\n", "trace": "  File \"D:\\Python\\control_work\\pages\\menu_lateral.py\", line 97, in test_lateral\n    self.click_jordan_menu_retro4()\n  File \"D:\\Python\\control_work\\pages\\menu_lateral.py\", line 70, in click_jordan_menu_retro4\n    self.get_jordan_menu_retro4().click()\n  File \"D:\\Python\\control_work\\pages\\menu_lateral.py\", line 43, in get_jordan_menu_retro4\n    return WebDriverWait(self.driver, 30).until(EC.element_to_be_clickable((By.XPATH, self.jordan_menu_retro4)))\n  File \"C:\\Users\\X\\AppData\\Local\\Programs\\Python\\Python310\\lib\\site-packages\\selenium\\webdriver\\support\\wait.py\", line 89, in until\n    raise TimeoutException(message, screen, stacktrace)\n"}, "start": 1680035012429, "stop": 1680035049631}], "attachments": [{"name": "stdout", "source": "0e74681d-c683-4fe8-b1a1-fa4a295a3fb8-attachment.txt", "type": "text/plain"}], "start": 1680035011336, "stop": 1680035049632, "uuid": "5243e21b-5cf9-4734-90c1-968c7ff77a1c", "historyId": "f1be03a9593e91e891716f14a90f028f", "testCaseId": "c75feaab6c842ff487d054e38b792030", "fullName": "tests.test_menu_lateral#test_menu_lateral", "labels": [{"name": "parentSuite", "value": "tests"}, {"name": "suite", "value": "test_menu_lateral"}, {"name": "host", "value": "HOME-PC"}, {"name": "thread", "value": "524-MainThread"}, {"name": "framework", "value": "pytest"}, {"name": "language", "value": "cpython3"}, {"name": "package", "value": "tests.test_menu_lateral"}]}